#
# There is insufficient memory for the Java Runtime Environment to continue.
# Native memory allocation (malloc) failed to allocate 466496 bytes for Chunk::new
# Possible reasons:
#   The system is out of physical RAM or swap space
#   The process is running with CompressedOops enabled, and the Java Heap may be blocking the growth of the native heap
# Possible solutions:
#   Reduce memory load on the system
#   Increase physical memory or swap space
#   Check if swap backing store is full
#   Decrease Java heap size (-Xmx/-Xms)
#   Decrease number of Java threads
#   Decrease Java thread stack sizes (-Xss)
#   Set larger code cache with -XX:ReservedCodeCacheSize=
#   JVM is running with Unscaled Compressed Oops mode in which the Java heap is
#     placed in the first 4GB address space. The Java Heap base address is the
#     maximum limit for the native heap growth. Please use -XX:HeapBaseMinAddress
#     to set the Java Heap base and to place the Java Heap above 4GB virtual address.
# This output file may be truncated or incomplete.
#
#  Out of Memory Error (allocation.cpp:389), pid=4920, tid=0x000000000000132c
#
# JRE version: OpenJDK Runtime Environment (8.0_212-b04) (build 1.8.0_212-release-1586-b04)
# Java VM: OpenJDK 64-Bit Server VM (25.212-b04 mixed mode windows-amd64 compressed oops)
# Failed to write core dump. Minidumps are not enabled by default on client versions of Windows
#

---------------  T H R E A D  ---------------

Current thread (0x0000000017bc7000):  JavaThread "C2 CompilerThread1" daemon [_thread_in_native, id=4908, stack(0x0000000019300000,0x0000000019400000)]

Stack: [0x0000000019300000,0x0000000019400000]
[error occurred during error reporting (printing stack bounds), id 0xc0000005]

Native frames: (J=compiled Java code, j=interpreted, Vv=VM code, C=native code)


Current CompileTask:
C2:   1062 1563   !   4       java.lang.ClassLoader::loadClass (122 bytes)


---------------  P R O C E S S  ---------------

Java Threads: ( => current thread )
  0x0000000017c1d000 JavaThread "Service Thread" daemon [_thread_blocked, id=5532, stack(0x0000000019900000,0x0000000019a00000)]
  0x0000000017bca000 JavaThread "C1 CompilerThread2" daemon [_thread_blocked, id=5664, stack(0x0000000019400000,0x0000000019500000)]
=>0x0000000017bc7000 JavaThread "C2 CompilerThread1" daemon [_thread_in_native, id=4908, stack(0x0000000019300000,0x0000000019400000)]
  0x0000000017bc3800 JavaThread "C2 CompilerThread0" daemon [_thread_blocked, id=548, stack(0x0000000019200000,0x0000000019300000)]
  0x0000000017bd1000 JavaThread "Attach Listener" daemon [_thread_blocked, id=4428, stack(0x0000000019100000,0x0000000019200000)]
  0x0000000017bd0000 JavaThread "Signal Dispatcher" daemon [_thread_blocked, id=1144, stack(0x0000000019000000,0x0000000019100000)]
  0x0000000017bb0000 JavaThread "Finalizer" daemon [_thread_blocked, id=1336, stack(0x0000000018e10000,0x0000000018f10000)]
  0x0000000017ba8800 JavaThread "Reference Handler" daemon [_thread_blocked, id=11060, stack(0x0000000018d10000,0x0000000018e10000)]
  0x0000000002f0a000 JavaThread "main" [_thread_in_vm, id=10968, stack(0x0000000002d90000,0x0000000002e90000)]

Other Threads:
  0x0000000017b87000 VMThread [stack: 0x0000000018c10000,0x0000000018d10000] [id=10464]
  0x0000000017c1e000 WatcherThread [stack: 0x0000000019a00000,0x0000000019b00000] [id=9104]

VM state:not at safepoint (normal execution)

VM Mutex/Monitor currently owned by a thread: None

heap address: 0x0000000080a00000, size: 2038 MB, Compressed Oops mode: 32-bit
Narrow klass base: 0x0000000000000000, Narrow klass shift: 3
Compressed class space size: 1073741824 Address: 0x0000000100000000

Heap:
 PSYoungGen      total 71680K, used 18877K [0x00000000d5900000, 0x00000000da400000, 0x0000000100000000)
  eden space 66560K, 20% used [0x00000000d5900000,0x00000000d6676250,0x00000000d9a00000)
  from space 5120K, 99% used [0x00000000d9f00000,0x00000000da3f9328,0x00000000da400000)
  to   space 5120K, 0% used [0x00000000d9a00000,0x00000000d9a00000,0x00000000d9f00000)
 ParOldGen       total 87552K, used 7583K [0x0000000080a00000, 0x0000000085f80000, 0x00000000d5900000)
  object space 87552K, 8% used [0x0000000080a00000,0x0000000081167e10,0x0000000085f80000)
 Metaspace       used 19079K, capacity 19466K, committed 19840K, reserved 1067008K
  class space    used 2228K, capacity 2335K, committed 2432K, reserved 1048576K

Card table byte_map: [0x00000000123c0000,0x00000000127c0000] byte_map_base: 0x0000000011fbb000

Marking Bits: (ParMarkBitMap*) 0x00000000547a9f30
 Begin Bits: [0x0000000012e70000, 0x0000000014e48000)
 End Bits:   [0x0000000014e48000, 0x0000000016e20000)

Polling page: 0x0000000002c90000

CodeCache: size=245760Kb used=5150Kb max_used=5150Kb free=240609Kb
 bounds [0x0000000003000000, 0x0000000003510000, 0x0000000012000000]
 total_blobs=1958 nmethods=1573 adapters=298
 compilation: enabled

Compilation events (10 events):
Event: 1.049 Thread 0x0000000017bca000 1570       3       jdk.internal.org.objectweb.asm.ClassWriter::visitMethod (24 bytes)
Event: 1.049 Thread 0x0000000017bca000 nmethod 1570 0x0000000003501d10 code [0x0000000003501e80, 0x00000000035020c8]
Event: 1.049 Thread 0x0000000017bca000 1571       3       jdk.internal.org.objectweb.asm.MethodWriter::<init> (268 bytes)
Event: 1.049 Thread 0x0000000017bca000 nmethod 1571 0x0000000003503450 code [0x0000000003503680, 0x0000000003504368]
Event: 1.049 Thread 0x0000000017bca000 1573       3       jdk.internal.org.objectweb.asm.MethodWriter::visitMaxs (1159 bytes)
Event: 1.051 Thread 0x0000000017bca000 nmethod 1573 0x0000000003504a90 code [0x0000000003504f40, 0x0000000003507578]
Event: 1.051 Thread 0x0000000017bca000 1572       3       jdk.internal.org.objectweb.asm.MethodVisitor::<init> (7 bytes)
Event: 1.051 Thread 0x0000000017bca000 nmethod 1572 0x0000000003501690 code [0x0000000003501820, 0x0000000003501b88]
Event: 1.053 Thread 0x0000000017bca000 1574       3       java.lang.invoke.LambdaForm$DMH/455659002::invokeStatic_LL_L (15 bytes)
Event: 1.053 Thread 0x0000000017bca000 nmethod 1574 0x000000000350a010 code [0x000000000350a1a0, 0x000000000350a738]

GC Heap History (4 events):
Event: 0.447 GC heap before
{Heap before GC invocations=1 (full 0):
 PSYoungGen      total 38400K, used 33280K [0x00000000d5900000, 0x00000000d8380000, 0x0000000100000000)
  eden space 33280K, 100% used [0x00000000d5900000,0x00000000d7980000,0x00000000d7980000)
  from space 5120K, 0% used [0x00000000d7e80000,0x00000000d7e80000,0x00000000d8380000)
  to   space 5120K, 0% used [0x00000000d7980000,0x00000000d7980000,0x00000000d7e80000)
 ParOldGen       total 87552K, used 0K [0x0000000080a00000, 0x0000000085f80000, 0x00000000d5900000)
  object space 87552K, 0% used [0x0000000080a00000,0x0000000080a00000,0x0000000085f80000)
 Metaspace       used 9949K, capacity 10220K, committed 10496K, reserved 1058816K
  class space    used 1097K, capacity 1180K, committed 1280K, reserved 1048576K
Event: 0.452 GC heap after
Heap after GC invocations=1 (full 0):
 PSYoungGen      total 38400K, used 5100K [0x00000000d5900000, 0x00000000da400000, 0x0000000100000000)
  eden space 33280K, 0% used [0x00000000d5900000,0x00000000d5900000,0x00000000d7980000)
  from space 5120K, 99% used [0x00000000d7980000,0x00000000d7e7b208,0x00000000d7e80000)
  to   space 5120K, 0% used [0x00000000d9f00000,0x00000000d9f00000,0x00000000da400000)
 ParOldGen       total 87552K, used 2683K [0x0000000080a00000, 0x0000000085f80000, 0x00000000d5900000)
  object space 87552K, 3% used [0x0000000080a00000,0x0000000080c9ec68,0x0000000085f80000)
 Metaspace       used 9949K, capacity 10220K, committed 10496K, reserved 1058816K
  class space    used 1097K, capacity 1180K, committed 1280K, reserved 1048576K
}
Event: 0.857 GC heap before
{Heap before GC invocations=2 (full 0):
 PSYoungGen      total 38400K, used 38380K [0x00000000d5900000, 0x00000000da400000, 0x0000000100000000)
  eden space 33280K, 100% used [0x00000000d5900000,0x00000000d7980000,0x00000000d7980000)
  from space 5120K, 99% used [0x00000000d7980000,0x00000000d7e7b208,0x00000000d7e80000)
  to   space 5120K, 0% used [0x00000000d9f00000,0x00000000d9f00000,0x00000000da400000)
 ParOldGen       total 87552K, used 2683K [0x0000000080a00000, 0x0000000085f80000, 0x00000000d5900000)
  object space 87552K, 3% used [0x0000000080a00000,0x0000000080c9ec68,0x0000000085f80000)
 Metaspace       used 15783K, capacity 16110K, committed 16384K, reserved 1062912K
  class space    used 1832K, capacity 1949K, committed 2048K, reserved 1048576K
Event: 0.865 GC heap after
Heap after GC invocations=2 (full 0):
 PSYoungGen      total 71680K, used 5092K [0x00000000d5900000, 0x00000000da400000, 0x0000000100000000)
  eden space 66560K, 0% used [0x00000000d5900000,0x00000000d5900000,0x00000000d9a00000)
  from space 5120K, 99% used [0x00000000d9f00000,0x00000000da3f9328,0x00000000da400000)
  to   space 5120K, 0% used [0x00000000d9a00000,0x00000000d9a00000,0x00000000d9f00000)
 ParOldGen       total 87552K, used 7583K [0x0000000080a00000, 0x0000000085f80000, 0x00000000d5900000)
  object space 87552K, 8% used [0x0000000080a00000,0x0000000081167e10,0x0000000085f80000)
 Metaspace       used 15783K, capacity 16110K, committed 16384K, reserved 1062912K
  class space    used 1832K, capacity 1949K, committed 2048K, reserved 1048576K
}

Deoptimization events (8 events):
Event: 0.256 Thread 0x0000000002f0a000 Uncommon trap: reason=unstable_if action=reinterpret pc=0x00000000031c79f0 method=java.lang.String.indexOf([CII[CIII)I @ 134
Event: 0.418 Thread 0x0000000002f0a000 Uncommon trap: reason=unstable_if action=reinterpret pc=0x00000000032709e8 method=kotlin.reflect.jvm.internal.impl.protobuf.CodedInputStream.readRawVarint32()I @ 10
Event: 0.673 Thread 0x0000000002f0a000 Uncommon trap: reason=unstable_if action=reinterpret pc=0x000000000326f9d8 method=java.lang.String.<init>([CII)V @ 18
Event: 0.688 Thread 0x0000000002f0a000 Uncommon trap: reason=unstable_if action=reinterpret pc=0x0000000003190d24 method=java.lang.String.replace(CC)Ljava/lang/String; @ 2
Event: 0.702 Thread 0x0000000002f0a000 Uncommon trap: reason=unstable_if action=reinterpret pc=0x00000000031e7b70 method=java.lang.String.<init>([CII)V @ 18
Event: 0.892 Thread 0x0000000002f0a000 Uncommon trap: reason=class_check action=maybe_recompile pc=0x000000000338c900 method=java.util.Collections$UnmodifiableCollection.size()I @ 4
Event: 0.893 Thread 0x0000000002f0a000 Uncommon trap: reason=class_check action=maybe_recompile pc=0x000000000338c900 method=java.util.Collections$UnmodifiableCollection.size()I @ 4
Event: 1.010 Thread 0x0000000002f0a000 Uncommon trap: reason=unstable_if action=reinterpret pc=0x000000000346c3a8 method=sun.reflect.annotation.AnnotationInvocationHandler.invoke(Ljava/lang/Object;Ljava/lang/reflect/Method;[Ljava/lang/Object;)Ljava/lang/Object; @ 255

Classes redefined (0 events):
No events

Internal exceptions (10 events):
Event: 0.255 Thread 0x0000000002f0a000 Exception <a 'java/security/PrivilegedActionException'> (0x00000000d679d438) thrown at [D:\src\AOSP-openjdk-cygwin\jdk8u\hotspot\src\share\vm\prims\jvm.cpp, line 1502]
Event: 0.256 Thread 0x0000000002f0a000 Exception <a 'java/security/PrivilegedActionException'> (0x00000000d67a15f8) thrown at [D:\src\AOSP-openjdk-cygwin\jdk8u\hotspot\src\share\vm\prims\jvm.cpp, line 1502]
Event: 0.256 Thread 0x0000000002f0a000 Exception <a 'java/security/PrivilegedActionException'> (0x00000000d67a19f0) thrown at [D:\src\AOSP-openjdk-cygwin\jdk8u\hotspot\src\share\vm\prims\jvm.cpp, line 1502]
Event: 0.256 Thread 0x0000000002f0a000 Exception <a 'java/security/PrivilegedActionException'> (0x00000000d67a34e0) thrown at [D:\src\AOSP-openjdk-cygwin\jdk8u\hotspot\src\share\vm\prims\jvm.cpp, line 1502]
Event: 0.256 Thread 0x0000000002f0a000 Exception <a 'java/security/PrivilegedActionException'> (0x00000000d67a38d8) thrown at [D:\src\AOSP-openjdk-cygwin\jdk8u\hotspot\src\share\vm\prims\jvm.cpp, line 1502]
Event: 0.398 Thread 0x0000000002f0a000 Exception <a 'java/lang/ArrayIndexOutOfBoundsException'> (0x00000000d74be558) thrown at [D:\src\AOSP-openjdk-cygwin\jdk8u\hotspot\src\share\vm\runtime\sharedRuntime.cpp, line 605]
Event: 0.530 Thread 0x0000000002f0a000 Exception <a 'java/lang/ArrayIndexOutOfBoundsException'> (0x00000000d5e15258) thrown at [D:\src\AOSP-openjdk-cygwin\jdk8u\hotspot\src\share\vm\runtime\sharedRuntime.cpp, line 605]
Event: 0.893 Thread 0x0000000002f0a000 Exception <a 'java/lang/NoSuchMethodError': java.lang.Object.lambda$comparing$77a9974f$1(Ljava/util/function/Function;Ljava/lang/Object;Ljava/lang/Object;)I> (0x00000000d5b22d58) thrown at [D:\src\AOSP-openjdk-cygwin\jdk8u\hotspot\src\share\vm\interpreter
Event: 0.908 Thread 0x0000000002f0a000 Exception <a 'java/lang/NoSuchMethodError': java.lang.Object.lambda$static$0()J> (0x00000000d5c93ad0) thrown at [D:\src\AOSP-openjdk-cygwin\jdk8u\hotspot\src\share\vm\interpreter\linkResolver.cpp, line 620]
Event: 1.048 Thread 0x0000000002f0a000 Exception <a 'java/lang/NoSuchMethodError': java.lang.Object.lambda$static$0(I)[Lorg/jetbrains/kotlin/com/intellij/openapi/editor/event/DocumentListener;> (0x00000000d63ed7e0) thrown at [D:\src\AOSP-openjdk-cygwin\jdk8u\hotspot\src\share\vm\interpreter\li

Events (10 events):
Event: 1.060 loading class org/jetbrains/kotlin/com/intellij/lang/injection/InjectedLanguageManager
Event: 1.060 loading class org/jetbrains/kotlin/com/intellij/lang/injection/InjectedLanguageManager done
Event: 1.060 loading class org/jetbrains/kotlin/com/intellij/core/CoreInjectedLanguageManager
Event: 1.060 loading class org/jetbrains/kotlin/com/intellij/core/CoreInjectedLanguageManager done
Event: 1.061 loading class org/jetbrains/kotlin/com/intellij/psi/PsiElementFactory
Event: 1.061 loading class org/jetbrains/kotlin/com/intellij/psi/PsiElementFactory done
Event: 1.061 loading class org/jetbrains/kotlin/com/intellij/psi/JVMElementFactory
Event: 1.061 loading class org/jetbrains/kotlin/com/intellij/psi/JVMElementFactory done
Event: 1.061 loading class org/jetbrains/kotlin/com/intellij/psi/PsiJavaParserFacade
Event: 1.061 loading class org/jetbrains/kotlin/com/intellij/psi/PsiJavaParserFacade done


Dynamic libraries:
0x00007ff6855c0000 - 0x00007ff6855f1000 	C:\Program Files\Android\Android Studio\jre\jre\bin\java.exe
0x00007ff81c020000 - 0x00007ff81c1f0000 	C:\Windows\SYSTEM32\ntdll.dll
0x00007ff819da0000 - 0x00007ff819e4c000 	C:\Windows\System32\KERNEL32.DLL
0x00007ff8187a0000 - 0x00007ff8189bd000 	C:\Windows\System32\KERNELBASE.dll
0x00007ff819610000 - 0x00007ff8196b2000 	C:\Windows\System32\ADVAPI32.dll
0x00007ff81a650000 - 0x00007ff81a6ee000 	C:\Windows\System32\msvcrt.dll
0x00007ff819910000 - 0x00007ff819969000 	C:\Windows\System32\sechost.dll
0x00007ff81a720000 - 0x00007ff81a841000 	C:\Windows\System32\RPCRT4.dll
0x00007ff81a8f0000 - 0x00007ff81aa55000 	C:\Windows\System32\USER32.dll
0x00007ff818eb0000 - 0x00007ff818ece000 	C:\Windows\System32\win32u.dll
0x00007ff81bf70000 - 0x00007ff81bfa4000 	C:\Windows\System32\GDI32.dll
0x00007ff818570000 - 0x00007ff8186f1000 	C:\Windows\System32\gdi32full.dll
0x00007ff8106c0000 - 0x00007ff81093a000 	C:\Windows\WinSxS\amd64_microsoft.windows.common-controls_6595b64144ccf1df_6.0.14393.2608_none_7ddacc7e8347078e\COMCTL32.dll
0x00007ff81a280000 - 0x00007ff81a545000 	C:\Windows\System32\combase.dll
0x00007ff818a70000 - 0x00007ff818b64000 	C:\Windows\System32\ucrtbase.dll
0x00007ff818e40000 - 0x00007ff818eaa000 	C:\Windows\System32\bcryptPrimitives.dll
0x00007ff81a6f0000 - 0x00007ff81a71e000 	C:\Windows\System32\IMM32.DLL
0x0000000055060000 - 0x0000000055132000 	C:\Program Files\Android\Android Studio\jre\jre\bin\msvcr100.dll
0x0000000053fe0000 - 0x0000000054826000 	C:\Program Files\Android\Android Studio\jre\jre\bin\server\jvm.dll
0x00007ff8196e0000 - 0x00007ff8196e8000 	C:\Windows\System32\PSAPI.DLL
0x00007ff813020000 - 0x00007ff81302a000 	C:\Windows\SYSTEM32\VERSION.dll
0x00007ff816a20000 - 0x00007ff816a43000 	C:\Windows\SYSTEM32\WINMM.dll
0x00007ff8168b0000 - 0x00007ff8168db000 	C:\Windows\SYSTEM32\WINMMBASE.dll
0x00007ff805f80000 - 0x00007ff805f89000 	C:\Windows\SYSTEM32\WSOCK32.dll
0x00007ff818df0000 - 0x00007ff818e32000 	C:\Windows\System32\cfgmgr32.dll
0x00007ff81bfb0000 - 0x00007ff81c01a000 	C:\Windows\System32\WS2_32.dll
0x00007ff807df0000 - 0x00007ff807dff000 	C:\Program Files\Android\Android Studio\jre\jre\bin\verify.dll
0x00007ff804fa0000 - 0x00007ff804fc9000 	C:\Program Files\Android\Android Studio\jre\jre\bin\java.dll
0x00007ff807dd0000 - 0x00007ff807de6000 	C:\Program Files\Android\Android Studio\jre\jre\bin\zip.dll
0x00007ff81aa60000 - 0x00007ff81bf65000 	C:\Windows\System32\SHELL32.dll
0x00007ff818ed0000 - 0x00007ff8195a9000 	C:\Windows\System32\windows.storage.dll
0x00007ff818480000 - 0x00007ff8184cc000 	C:\Windows\System32\powrprof.dll
0x00007ff8195b0000 - 0x00007ff819602000 	C:\Windows\System32\shlwapi.dll
0x00007ff8184e0000 - 0x00007ff8184ef000 	C:\Windows\System32\kernel.appcore.dll
0x00007ff8189c0000 - 0x00007ff818a69000 	C:\Windows\System32\shcore.dll
0x00007ff8184f0000 - 0x00007ff818504000 	C:\Windows\System32\profapi.dll

VM Arguments:
java_command: org.jetbrains.kotlin.cli.jvm.K2JVMCompiler -Xallow-no-source-files -classpath C:\Users\kedaitayar\Desktop\android\test\MFM_2\app\build\intermediates\compile_and_runtime_not_namespaced_r_class_jar\debug\R.jar;C:\Users\kedaitayar\.gradle\caches\transforms-2\files-2.1\fd4b4126c25eeb41919f732733549864\jetified-kotlin-android-extensions-runtime-1.3.70.jar;C:\Users\kedaitayar\.gradle\caches\transforms-2\files-2.1\7f45a911ae62de52a59f8aa3d7fd3ac8\jetified-kotlin-stdlib-jdk7-1.3.71.jar;C:\Users\kedaitayar\.gradle\caches\transforms-2\files-2.1\cedbae6cca6dca2aa68395b0514e3bda\jetified-core-ktx-1.2.0-api.jar;C:\Users\kedaitayar\.gradle\caches\transforms-2\files-2.1\e2e9b0f5d8f9f7939881821de3570330\jetified-lifecycle-viewmodel-ktx-2.3.0-alpha01-api.jar;C:\Users\kedaitayar\.gradle\caches\transforms-2\files-2.1\9123bd6e228bc36db821547027e8e3a2\jetified-room-ktx-2.2.5-api.jar;C:\Users\kedaitayar\.gradle\caches\transforms-2\files-2.1\4e8a4c2e39dbe6953534f8f4ff5607f5\jetified-kotlinx-coroutines-android-1.3.0.jar;C:\Users\kedaitayar\.gradle\caches\transforms-2\files-2.1\229c802f79eef2522237a5bde0a79531\jetified-kotlinx-coroutines-core-1.3.4.jar;C:\Users\kedaitayar\.gradle\caches\transforms-2\files-2.1\8aa640f5d2b29aae82bb816dad23b5e7\jetified-kotlin-stdlib-1.3.71.jar;C:\Users\kedaitayar\.gradle\caches\transforms-2\files-2.1\1ec13d80999b48b067dddfd3e0d42e25\jetified-kotlin-stdlib-common-1.3.71.jar;C:\Users\kedaitayar\.gradle\caches\transforms-2\files-2.1\e4851d47e29837263c371beec85707bc\jetified-annotations-13.0.jar;C:\Users\kedaitayar\.gradle\caches\transforms-2\files-2.1\e47d9bf31c55e92db14c6e6a886f019d\material-1.1.0-api.jar;C:\Users\kedaitayar\.gradle\caches\transforms-2\files-2.1\456549fb9651f1cf6b8e41c31540223c\appcompat-1.1.0-api.jar;C:\Users\kedaitayar\.gradle\caches\transforms-2\files-2.1\22bd85f963c81e3e902a7ddfc8eaa88d\jetified-viewpager2-1.0.0-api.jar;C:\Users\kedaitayar\.gradle\caches\transforms-2\files-2.1\ce6eb63e07854c9fff5a48b8215262f8\recyclerview-1.
java_class_path (initial): C:\Users\kedaitayar\.gradle\caches\modules-2\files-2.1\org.jetbrains.kotlin\kotlin-compiler-embeddable\1.3.70\ffdb726044ef157be84b9c003b1332430aadea9f\kotlin-compiler-embeddable-1.3.70.jar;C:\Users\kedaitayar\.gradle\caches\modules-2\files-2.1\org.jetbrains.kotlin\kotlin-reflect\1.3.70\75a87c4141e55abbaf418b8495550ced8894045d\kotlin-reflect-1.3.70.jar;C:\Users\kedaitayar\.gradle\caches\modules-2\files-2.1\org.jetbrains.kotlin\kotlin-stdlib\1.3.70\e5d97e25bb5b30dcfc022ec1c8f3959a875257fb\kotlin-stdlib-1.3.70.jar;C:\Users\kedaitayar\.gradle\caches\modules-2\files-2.1\org.jetbrains.kotlin\kotlin-script-runtime\1.3.70\28a3923786ef1a651ebea81ff0f211dfd7436070\kotlin-script-runtime-1.3.70.jar;C:\Users\kedaitayar\.gradle\caches\modules-2\files-2.1\org.jetbrains.kotlin\kotlin-daemon-embeddable\1.3.70\2e8b285baf0e62b1b61edefe61d029d535551d6a\kotlin-daemon-embeddable-1.3.70.jar;C:\Users\kedaitayar\.gradle\caches\modules-2\files-2.1\org.jetbrains.intellij.deps\trove4j\1.0.20181211\216c2e14b070f334479d800987affe4054cd563f\trove4j-1.0.20181211.jar;C:\Users\kedaitayar\.gradle\caches\modules-2\files-2.1\org.jetbrains.kotlin\kotlin-stdlib-common\1.3.70\3fa8dd6c896d635e78201e5e811545f3846dec04\kotlin-stdlib-common-1.3.70.jar;C:\Users\kedaitayar\.gradle\caches\modules-2\files-2.1\org.jetbrains\annotations\13.0\919f0dfe192fb4e063e7dacadee7f8bb9a2672a9\annotations-13.0.jar;C:\Program Files\Android\Android Studio\jre\lib\tools.jar
Launcher Type: SUN_STANDARD

Environment Variables:
JAVA_HOME=C:\Program Files\Java\jre1.8.0_201
PATH=C:\Program Files (x86)\Common Files\Oracle\Java\javapath;C:\Windows\system32;C:\Windows;C:\Windows\System32\Wbem;C:\Windows\System32\WindowsPowerShell\v1.0\;C:\Program Files (x86)\QuickTime\QTSystem\;c:\Program Files (x86)\Microsoft SQL Server\100\Tools\Binn\;c:\Program Files\Microsoft SQL Server\100\Tools\Binn\;c:\Program Files\Microsoft SQL Server\100\DTS\Binn\;C:\Program Files\nodejs\;C:\Program Files\Git\cmd;C:\Program Files\dotnet\;C:\Program Files\Microsoft SQL Server\130\Tools\Binn\;F:\Program Files\MATLAB\R2015b\bin;C:\Program Files\NVIDIA Corporation\NVIDIA NvDLISR;C:\Program Files (x86)\NVIDIA Corporation\PhysX\Common;C:\Program Files\Java\jre1.8.0_201;C:\Program Files\Java\jdk-13.0.2\bin;C:\Users\kedaitayar\AppData\Local\Microsoft\WindowsApps;C:\Program Files\Microsoft VS Code\bin;C:\Users\kedaitayar\AppData\Roaming\npm;C:\Users\kedaitayar\AppData\Local\GitHubDesktop\bin;C:\Program Files\JetBrains\IntelliJ IDEA Community Edition 2019.3.3\bin;
USERNAME=kedaitayar
OS=Windows_NT
PROCESSOR_IDENTIFIER=Intel64 Family 6 Model 158 Stepping 9, GenuineIntel



---------------  S Y S T E M  ---------------

OS: Windows 10.0 , 64 bit Build 14393 (10.0.14393.2608)

CPU:total 4 (initial active 4) (4 cores per cpu, 1 threads per core) family 6 model 158 stepping 9, cmov, cx8, fxsr, mmx, sse, sse2, sse3, ssse3, sse4.1, sse4.2, popcnt, avx, avx2, aes, clmul, erms, rtm, 3dnowpref, lzcnt, tsc, tscinvbit, bmi1, bmi2, adx

Memory: 4k page, physical 8343144k(402740k free), swap 33508968k(3020k free)

vm_info: OpenJDK 64-Bit Server VM (25.212-b04) for windows-amd64 JRE (1.8.0_212-release-1586-b04), built by "builder" with MS VC++ 10.0 (VS2010)

time: Wed Apr 08 19:47:12 2020
timezone: Malay Peninsula Standard Time
elapsed time: 1 seconds (0d 0h 0m 1s)

