#
# There is insufficient memory for the Java Runtime Environment to continue.
# Native memory allocation (malloc) failed to allocate 610896 bytes for Chunk::new
# Possible reasons:
#   The system is out of physical RAM or swap space
#   The process is running with CompressedOops enabled, and the Java Heap may be blocking the growth of the native heap
# Possible solutions:
#   Reduce memory load on the system
#   Increase physical memory or swap space
#   Check if swap backing store is full
#   Decrease Java heap size (-Xmx/-Xms)
#   Decrease number of Java threads
#   Decrease Java thread stack sizes (-Xss)
#   Set larger code cache with -XX:ReservedCodeCacheSize=
#   JVM is running with Unscaled Compressed Oops mode in which the Java heap is
#     placed in the first 4GB address space. The Java Heap base address is the
#     maximum limit for the native heap growth. Please use -XX:HeapBaseMinAddress
#     to set the Java Heap base and to place the Java Heap above 4GB virtual address.
# This output file may be truncated or incomplete.
#
#  Out of Memory Error (allocation.cpp:389), pid=3916, tid=0x00000000000005d0
#
# JRE version: OpenJDK Runtime Environment (8.0_212-b04) (build 1.8.0_212-release-1586-b04)
# Java VM: OpenJDK 64-Bit Server VM (25.212-b04 mixed mode windows-amd64 compressed oops)
# Failed to write core dump. Minidumps are not enabled by default on client versions of Windows
#

---------------  T H R E A D  ---------------

Current thread (0x000000001613b800):  JavaThread "C2 CompilerThread0" daemon [_thread_in_native, id=1488, stack(0x0000000017790000,0x0000000017890000)]

Stack: [0x0000000017790000,0x0000000017890000]
[error occurred during error reporting (printing stack bounds), id 0xc0000005]

Native frames: (J=compiled Java code, j=interpreted, Vv=VM code, C=native code)


Current CompileTask:
C2:2111045 15859       4       org.gradle.internal.operations.DelegatingBuildOperationExecutor::call (11 bytes)


---------------  P R O C E S S  ---------------

Java Threads: ( => current thread )
  0x000000001c92e000 JavaThread "Execution worker for ':' Thread 3" [_thread_in_native, id=10084, stack(0x000000002f0b0000,0x000000002f1b0000)]
  0x000000001c932000 JavaThread "Execution worker for ':' Thread 2" [_thread_blocked, id=3508, stack(0x000000002efb0000,0x000000002f0b0000)]
  0x000000001c92f800 JavaThread "Execution worker for ':'" [_thread_blocked, id=6868, stack(0x000000002eeb0000,0x000000002efb0000)]
  0x000000001c92d800 JavaThread "Cache worker for file content cache (C:\Users\kedaitayar\Desktop\android\test\MFM_2\.gradle\5.6.4\fileContent)" [_thread_blocked, id=4668, stack(0x000000002edb0000,0x000000002eeb0000)]
  0x000000001a438000 JavaThread "Cache worker for Build Output Cleanup Cache (C:\Users\kedaitayar\Desktop\android\test\MFM_2\.gradle\buildOutputCleanup)" [_thread_blocked, id=9500, stack(0x000000002ecb0000,0x000000002edb0000)]
  0x000000001a43b000 JavaThread "pool-12-thread-1" [_thread_blocked, id=4336, stack(0x000000002ebb0000,0x000000002ecb0000)]
  0x000000001a439800 JavaThread "Build operations Thread 4" [_thread_blocked, id=9728, stack(0x000000002eab0000,0x000000002ebb0000)]
  0x000000001a43e000 JavaThread "Build operations Thread 3" [_thread_blocked, id=5540, stack(0x000000002e9b0000,0x000000002eab0000)]
  0x000000001a430800 JavaThread "Build operations Thread 2" [_thread_blocked, id=2608, stack(0x000000002e8b0000,0x000000002e9b0000)]
  0x000000001a437000 JavaThread "Build operations" [_thread_blocked, id=804, stack(0x000000002e7b0000,0x000000002e8b0000)]
  0x000000001a432000 JavaThread "Cache worker for cache directory md-rule (C:\Users\kedaitayar\.gradle\caches\5.6.4\md-rule)" [_thread_blocked, id=4780, stack(0x000000002e6b0000,0x000000002e7b0000)]
  0x000000001a431000 JavaThread "Cache worker for cache directory md-supplier (C:\Users\kedaitayar\.gradle\caches\5.6.4\md-supplier)" [_thread_blocked, id=7788, stack(0x000000002e5b0000,0x000000002e6b0000)]
  0x000000001a42f800 JavaThread "Cache worker for file hash cache (C:\Users\kedaitayar\Desktop\android\test\MFM_2\.gradle\5.6.4\fileHashes)" [_thread_blocked, id=2240, stack(0x000000002e4b0000,0x000000002e5b0000)]
  0x000000001a436800 JavaThread "Thread-115" [_thread_blocked, id=3788, stack(0x000000002e3b0000,0x000000002e4b0000)]
  0x000000001a42f000 JavaThread "Stdin handler" [_thread_blocked, id=11244, stack(0x000000002e2b0000,0x000000002e3b0000)]
  0x000000001a435800 JavaThread "Asynchronous log dispatcher for DefaultDaemonConnection: socket connection from /127.0.0.1:52117 to /127.0.0.1:52443" [_thread_blocked, id=5500, stack(0x000000002e1b0000,0x000000002e2b0000)]
  0x000000001a434000 JavaThread "Cancel handler" [_thread_blocked, id=9468, stack(0x000000002e0b0000,0x000000002e1b0000)]
  0x000000001a433800 JavaThread "Handler for socket connection from /127.0.0.1:52117 to /127.0.0.1:52443" [_thread_in_native, id=5812, stack(0x000000002dfb0000,0x000000002e0b0000)]
  0x000000001c934000 JavaThread "Cache worker for file content cache (C:\Users\kedaitayar\.gradle\caches\5.6.4\fileContent)" [_thread_blocked, id=9676, stack(0x0000000029510000,0x0000000029610000)]
  0x000000001a435000 JavaThread "Daemon worker Thread 4" [_thread_blocked, id=2036, stack(0x0000000028810000,0x0000000028910000)]
  0x000000001a432800 JavaThread "Daemon Thread 4" [_thread_blocked, id=452, stack(0x0000000028510000,0x0000000028610000)]
  0x000000001c92f000 JavaThread "Memory manager" [_thread_blocked, id=3408, stack(0x00000000222c0000,0x00000000223c0000)]
  0x000000001c92c800 JavaThread "Cache worker for execution history cache (C:\Users\kedaitayar\.gradle\caches\5.6.4\executionHistory)" [_thread_blocked, id=9872, stack(0x00000000201c0000,0x00000000202c0000)]
  0x0000000019bc0000 JavaThread "Cache worker for journal cache (C:\Users\kedaitayar\.gradle\caches\journal-1)" [_thread_blocked, id=6836, stack(0x000000001c170000,0x000000001c270000)]
  0x0000000019bbe800 JavaThread "File lock request listener" [_thread_in_native, id=9648, stack(0x000000001c070000,0x000000001c170000)]
  0x0000000019bbf000 JavaThread "Cache worker for file hash cache (C:\Users\kedaitayar\.gradle\caches\5.6.4\fileHashes)" [_thread_blocked, id=4416, stack(0x000000001bd70000,0x000000001be70000)]
  0x00000000199cc000 JavaThread "Daemon periodic checks" [_thread_blocked, id=5320, stack(0x000000001b370000,0x000000001b470000)]
  0x00000000199b0000 JavaThread "Incoming local TCP Connector on port 52117" [_thread_in_native, id=7192, stack(0x000000001ae70000,0x000000001af70000)]
  0x0000000019963800 JavaThread "Daemon health stats" [_thread_blocked, id=11228, stack(0x000000001a830000,0x000000001a930000)]
  0x00000000179bb000 JavaThread "Service Thread" daemon [_thread_blocked, id=5572, stack(0x0000000017e90000,0x0000000017f90000)]
  0x0000000016199000 JavaThread "C1 CompilerThread2" daemon [_thread_blocked, id=8244, stack(0x0000000017d90000,0x0000000017e90000)]
  0x0000000016140000 JavaThread "C2 CompilerThread1" daemon [_thread_in_native, id=10700, stack(0x0000000017890000,0x0000000017990000)]
=>0x000000001613b800 JavaThread "C2 CompilerThread0" daemon [_thread_in_native, id=1488, stack(0x0000000017790000,0x0000000017890000)]
  0x0000000016147800 JavaThread "Attach Listener" daemon [_thread_blocked, id=2476, stack(0x0000000017690000,0x0000000017790000)]
  0x0000000016146000 JavaThread "Signal Dispatcher" daemon [_thread_blocked, id=6764, stack(0x0000000017590000,0x0000000017690000)]
  0x00000000027cb000 JavaThread "Finalizer" daemon [_thread_blocked, id=948, stack(0x00000000173a0000,0x00000000174a0000)]
  0x0000000016129000 JavaThread "Reference Handler" daemon [_thread_blocked, id=11260, stack(0x00000000172a0000,0x00000000173a0000)]
  0x0000000000a9e800 JavaThread "main" [_thread_blocked, id=3288, stack(0x00000000025d0000,0x00000000026d0000)]

Other Threads:
  0x0000000016106800 VMThread [stack: 0x00000000171a0000,0x00000000172a0000] [id=4488]
  0x00000000179bc000 WatcherThread [stack: 0x0000000017f90000,0x0000000018090000] [id=7564]

VM state:not at safepoint (normal execution)

VM Mutex/Monitor currently owned by a thread: None

heap address: 0x00000000a0000000, size: 1536 MB, Compressed Oops mode: 32-bit
Narrow klass base: 0x0000000000000000, Narrow klass shift: 3
Compressed class space size: 1073741824 Address: 0x0000000100000000

Heap:
 PSYoungGen      total 496128K, used 315324K [0x00000000e0000000, 0x0000000100000000, 0x0000000100000000)
  eden space 467968K, 63% used [0x00000000e0000000,0x00000000f23570f0,0x00000000fc900000)
  from space 28160K, 60% used [0x00000000fc900000,0x00000000fd997f88,0x00000000fe480000)
  to   space 28160K, 0% used [0x00000000fe480000,0x00000000fe480000,0x0000000100000000)
 ParOldGen       total 92160K, used 63910K [0x00000000a0000000, 0x00000000a5a00000, 0x00000000e0000000)
  object space 92160K, 69% used [0x00000000a0000000,0x00000000a3e698e0,0x00000000a5a00000)
 Metaspace       used 84714K, capacity 89258K, committed 89344K, reserved 1126400K
  class space    used 11117K, capacity 12002K, committed 12032K, reserved 1048576K

Card table byte_map: [0x0000000011b90000,0x0000000011ea0000] byte_map_base: 0x0000000011690000

Marking Bits: (ParMarkBitMap*) 0x00000000547a9f30
 Begin Bits: [0x00000000124a0000, 0x0000000013ca0000)
 End Bits:   [0x0000000013ca0000, 0x00000000154a0000)

Polling page: 0x0000000002530000

CodeCache: size=245760Kb used=42972Kb max_used=42988Kb free=202787Kb
 bounds [0x00000000027d0000, 0x0000000005210000, 0x00000000117d0000]
 total_blobs=13754 nmethods=12879 adapters=786
 compilation: enabled

Compilation events (10 events):
Event: 2110.917 Thread 0x0000000016199000 15858       3       org.gradle.internal.snapshot.impl.IsolatedManagedValue::isolate (26 bytes)
Event: 2110.917 Thread 0x0000000016199000 nmethod 15858 0x00000000051ed7d0 code [0x00000000051ed960, 0x00000000051edd58]
Event: 2110.926 Thread 0x000000001613b800 nmethod 15857 0x00000000051fad10 code [0x00000000051faf00, 0x00000000051fbaf0]
Event: 2110.932 Thread 0x000000001613b800 15859       4       org.gradle.internal.operations.DelegatingBuildOperationExecutor::call (11 bytes)
Event: 2110.937 Thread 0x0000000016140000 nmethod 15853 0x00000000052051d0 code [0x00000000052054c0, 0x0000000005207068]
Event: 2110.937 Thread 0x0000000016140000 15860   !   4       org.gradle.internal.operations.DefaultBuildOperationExecutor::call (38 bytes)
Event: 2110.940 Thread 0x0000000016199000 15861       3       org.gradle.api.internal.artifacts.transform.TransformationNode$ArtifactTransformationStepBuildOperation::<init> (6 bytes)
Event: 2110.941 Thread 0x0000000016199000 nmethod 15861 0x00000000051ed350 code [0x00000000051ed4c0, 0x00000000051ed6f0]
Event: 2110.941 Thread 0x0000000016199000 15862       3       org.gradle.api.internal.artifacts.transform.TransformationNode$ArtifactTransformationStepBuildOperation::<init> (10 bytes)
Event: 2110.941 Thread 0x0000000016199000 nmethod 15862 0x00000000051ecf90 code [0x00000000051ed0e0, 0x00000000051ed2b0]

GC Heap History (10 events):
Event: 16.901 GC heap before
{Heap before GC invocations=12 (full 2):
 PSYoungGen      total 240640K, used 70363K [0x00000000e0000000, 0x00000000f7800000, 0x0000000100000000)
  eden space 226304K, 24% used [0x00000000e0000000,0x00000000e36b95e8,0x00000000edd00000)
  from space 14336K, 99% used [0x00000000edd00000,0x00000000eeafd9d0,0x00000000eeb00000)
  to   space 20480K, 0% used [0x00000000f6400000,0x00000000f6400000,0x00000000f7800000)
 ParOldGen       total 65024K, used 26564K [0x00000000a0000000, 0x00000000a3f80000, 0x00000000e0000000)
  object space 65024K, 40% used [0x00000000a0000000,0x00000000a19f1208,0x00000000a3f80000)
 Metaspace       used 57096K, capacity 58938K, committed 59096K, reserved 1099776K
  class space    used 7771K, capacity 8214K, committed 8320K, reserved 1048576K
Event: 16.915 GC heap after
Heap after GC invocations=12 (full 2):
 PSYoungGen      total 360448K, used 17921K [0x00000000e0000000, 0x00000000f7800000, 0x0000000100000000)
  eden space 339968K, 0% used [0x00000000e0000000,0x00000000e0000000,0x00000000f4c00000)
  from space 20480K, 87% used [0x00000000f6400000,0x00000000f7580600,0x00000000f7800000)
  to   space 22528K, 0% used [0x00000000f4c00000,0x00000000f4c00000,0x00000000f6200000)
 ParOldGen       total 65024K, used 26572K [0x00000000a0000000, 0x00000000a3f80000, 0x00000000e0000000)
  object space 65024K, 40% used [0x00000000a0000000,0x00000000a19f3208,0x00000000a3f80000)
 Metaspace       used 57096K, capacity 58938K, committed 59096K, reserved 1099776K
  class space    used 7771K, capacity 8214K, committed 8320K, reserved 1048576K
}
Event: 16.915 GC heap before
{Heap before GC invocations=13 (full 3):
 PSYoungGen      total 360448K, used 17921K [0x00000000e0000000, 0x00000000f7800000, 0x0000000100000000)
  eden space 339968K, 0% used [0x00000000e0000000,0x00000000e0000000,0x00000000f4c00000)
  from space 20480K, 87% used [0x00000000f6400000,0x00000000f7580600,0x00000000f7800000)
  to   space 22528K, 0% used [0x00000000f4c00000,0x00000000f4c00000,0x00000000f6200000)
 ParOldGen       total 65024K, used 26572K [0x00000000a0000000, 0x00000000a3f80000, 0x00000000e0000000)
  object space 65024K, 40% used [0x00000000a0000000,0x00000000a19f3208,0x00000000a3f80000)
 Metaspace       used 57096K, capacity 58938K, committed 59096K, reserved 1099776K
  class space    used 7771K, capacity 8214K, committed 8320K, reserved 1048576K
Event: 17.099 GC heap after
Heap after GC invocations=13 (full 3):
 PSYoungGen      total 360448K, used 0K [0x00000000e0000000, 0x00000000f7800000, 0x0000000100000000)
  eden space 339968K, 0% used [0x00000000e0000000,0x00000000e0000000,0x00000000f4c00000)
  from space 20480K, 0% used [0x00000000f6400000,0x00000000f6400000,0x00000000f7800000)
  to   space 22528K, 0% used [0x00000000f4c00000,0x00000000f4c00000,0x00000000f6200000)
 ParOldGen       total 92160K, used 32777K [0x00000000a0000000, 0x00000000a5a00000, 0x00000000e0000000)
  object space 92160K, 35% used [0x00000000a0000000,0x00000000a2002680,0x00000000a5a00000)
 Metaspace       used 57096K, capacity 58938K, committed 59096K, reserved 1099776K
  class space    used 7771K, capacity 8214K, committed 8320K, reserved 1048576K
}
Event: 21.951 GC heap before
{Heap before GC invocations=14 (full 3):
 PSYoungGen      total 360448K, used 339968K [0x00000000e0000000, 0x00000000f7800000, 0x0000000100000000)
  eden space 339968K, 100% used [0x00000000e0000000,0x00000000f4c00000,0x00000000f4c00000)
  from space 20480K, 0% used [0x00000000f6400000,0x00000000f6400000,0x00000000f7800000)
  to   space 22528K, 0% used [0x00000000f4c00000,0x00000000f4c00000,0x00000000f6200000)
 ParOldGen       total 92160K, used 32777K [0x00000000a0000000, 0x00000000a5a00000, 0x00000000e0000000)
  object space 92160K, 35% used [0x00000000a0000000,0x00000000a2002680,0x00000000a5a00000)
 Metaspace       used 70910K, capacity 73840K, committed 74112K, reserved 1114112K
  class space    used 9708K, capacity 10303K, committed 10368K, reserved 1048576K
Event: 21.977 GC heap after
Heap after GC invocations=14 (full 3):
 PSYoungGen      total 362496K, used 22502K [0x00000000e0000000, 0x0000000100000000, 0x0000000100000000)
  eden space 339968K, 0% used [0x00000000e0000000,0x00000000e0000000,0x00000000f4c00000)
  from space 22528K, 99% used [0x00000000f4c00000,0x00000000f61f9890,0x00000000f6200000)
  to   space 28160K, 0% used [0x00000000fe480000,0x00000000fe480000,0x0000000100000000)
 ParOldGen       total 92160K, used 39623K [0x00000000a0000000, 0x00000000a5a00000, 0x00000000e0000000)
  object space 92160K, 42% used [0x00000000a0000000,0x00000000a26b1f80,0x00000000a5a00000)
 Metaspace       used 70910K, capacity 73840K, committed 74112K, reserved 1114112K
  class space    used 9708K, capacity 10303K, committed 10368K, reserved 1048576K
}
Event: 782.354 GC heap before
{Heap before GC invocations=15 (full 3):
 PSYoungGen      total 362496K, used 362470K [0x00000000e0000000, 0x0000000100000000, 0x0000000100000000)
  eden space 339968K, 100% used [0x00000000e0000000,0x00000000f4c00000,0x00000000f4c00000)
  from space 22528K, 99% used [0x00000000f4c00000,0x00000000f61f9890,0x00000000f6200000)
  to   space 28160K, 0% used [0x00000000fe480000,0x00000000fe480000,0x0000000100000000)
 ParOldGen       total 92160K, used 39623K [0x00000000a0000000, 0x00000000a5a00000, 0x00000000e0000000)
  object space 92160K, 42% used [0x00000000a0000000,0x00000000a26b1f80,0x00000000a5a00000)
 Metaspace       used 77526K, capacity 81480K, committed 81792K, reserved 1120256K
  class space    used 10265K, capacity 11075K, committed 11136K, reserved 1048576K
Event: 782.939 GC heap after
Heap after GC invocations=15 (full 3):
 PSYoungGen      total 496128K, used 16087K [0x00000000e0000000, 0x0000000100000000, 0x0000000100000000)
  eden space 467968K, 0% used [0x00000000e0000000,0x00000000e0000000,0x00000000fc900000)
  from space 28160K, 57% used [0x00000000fe480000,0x00000000ff435f58,0x0000000100000000)
  to   space 28160K, 0% used [0x00000000fc900000,0x00000000fc900000,0x00000000fe480000)
 ParOldGen       total 92160K, used 55434K [0x00000000a0000000, 0x00000000a5a00000, 0x00000000e0000000)
  object space 92160K, 60% used [0x00000000a0000000,0x00000000a36228b0,0x00000000a5a00000)
 Metaspace       used 77526K, capacity 81480K, committed 81792K, reserved 1120256K
  class space    used 10265K, capacity 11075K, committed 11136K, reserved 1048576K
}
Event: 2089.305 GC heap before
{Heap before GC invocations=16 (full 3):
 PSYoungGen      total 496128K, used 484055K [0x00000000e0000000, 0x0000000100000000, 0x0000000100000000)
  eden space 467968K, 100% used [0x00000000e0000000,0x00000000fc900000,0x00000000fc900000)
  from space 28160K, 57% used [0x00000000fe480000,0x00000000ff435f58,0x0000000100000000)
  to   space 28160K, 0% used [0x00000000fc900000,0x00000000fc900000,0x00000000fe480000)
 ParOldGen       total 92160K, used 55434K [0x00000000a0000000, 0x00000000a5a00000, 0x00000000e0000000)
  object space 92160K, 60% used [0x00000000a0000000,0x00000000a36228b0,0x00000000a5a00000)
 Metaspace       used 81080K, capacity 85228K, committed 85248K, reserved 1122304K
  class space    used 10699K, capacity 11516K, committed 11520K, reserved 1048576K
Event: 2089.495 GC heap after
Heap after GC invocations=16 (full 3):
 PSYoungGen      total 496128K, used 16991K [0x00000000e0000000, 0x0000000100000000, 0x0000000100000000)
  eden space 467968K, 0% used [0x00000000e0000000,0x00000000e0000000,0x00000000fc900000)
  from space 28160K, 60% used [0x00000000fc900000,0x00000000fd997f88,0x00000000fe480000)
  to   space 28160K, 0% used [0x00000000fe480000,0x00000000fe480000,0x0000000100000000)
 ParOldGen       total 92160K, used 63910K [0x00000000a0000000, 0x00000000a5a00000, 0x00000000e0000000)
  object space 92160K, 69% used [0x00000000a0000000,0x00000000a3e698e0,0x00000000a5a00000)
 Metaspace       used 81080K, capacity 85228K, committed 85248K, reserved 1122304K
  class space    used 10699K, capacity 11516K, committed 11520K, reserved 1048576K
}

Deoptimization events (10 events):
Event: 2101.585 Thread 0x000000001a435000 Uncommon trap: reason=unstable_if action=reinterpret pc=0x00000000049a656c method=org.gradle.api.internal.artifacts.ivyservice.resolveengine.graph.builder.EdgeState.<init>(Lorg/gradle/api/internal/artifacts/ivyservice/resolveengine/graph/builder/NodeState
Event: 2101.769 Thread 0x000000001a431000 Uncommon trap: reason=unstable_if action=reinterpret pc=0x0000000003537a90 method=java.util.concurrent.ConcurrentLinkedQueue.offer(Ljava/lang/Object;)Z @ 40
Event: 2101.792 Thread 0x000000001c939800 Uncommon trap: reason=unstable_if action=reinterpret pc=0x0000000004312108 method=java.util.concurrent.locks.AbstractQueuedSynchronizer.findNodeFromTail(Ljava/util/concurrent/locks/AbstractQueuedSynchronizer$Node;)Z @ 7
Event: 2101.939 Thread 0x000000001a430800 Uncommon trap: reason=class_check action=maybe_recompile pc=0x0000000004d5a038 method=org.gradle.internal.fingerprint.impl.DefaultCurrentFileCollectionFingerprint.from(Ljava/lang/Iterable;Lorg/gradle/internal/fingerprint/FingerprintingStrategy;)Lorg/gradl
Event: 2102.414 Thread 0x000000001a431000 Uncommon trap: reason=class_check action=maybe_recompile pc=0x000000000464b148 method=org.gradle.internal.Try.map(Ljava/util/function/Function;)Lorg/gradle/internal/Try; @ 10
Event: 2102.424 Thread 0x000000001a435000 Uncommon trap: reason=bimorphic action=maybe_recompile pc=0x000000000310eb5c method=org.gradle.internal.logging.text.AbstractStyledTextOutput.text(Ljava/lang/Object;)Lorg/gradle/internal/logging/text/StyledTextOutput; @ 11
Event: 2102.424 Thread 0x000000001a435000 Uncommon trap: reason=unstable_if action=reinterpret pc=0x0000000002a0a1bc method=org.gradle.internal.serialize.ExceptionReplacingObjectOutputStream.doReplaceObject(Ljava/lang/Object;)Ljava/lang/Object; @ 4
Event: 2110.852 Thread 0x000000001a435000 Uncommon trap: reason=class_check action=maybe_recompile pc=0x000000000496f138 method=org.gradle.api.internal.artifacts.configurations.DefaultConfiguration.runDependencyActions()V @ 8
Event: 2110.904 Thread 0x000000001a435000 Uncommon trap: reason=class_check action=maybe_recompile pc=0x00000000050d4160 method=com.google.common.collect.ImmutableMap.copyOf(Ljava/util/Map;)Lcom/google/common/collect/ImmutableMap; @ 49
Event: 2110.904 Thread 0x000000001a435000 Uncommon trap: reason=class_check action=maybe_recompile pc=0x00000000050ddfa4 method=com.google.common.collect.Iterables.castOrCopyToCollection(Ljava/lang/Iterable;)Ljava/util/Collection; @ 1

Classes redefined (0 events):
No events

Internal exceptions (10 events):
Event: 2090.679 Thread 0x000000001c92f800 Exception <a 'java/lang/NoSuchMethodError': <clinit>> (0x00000000e2c560b8) thrown at [D:\src\AOSP-openjdk-cygwin\jdk8u\hotspot\src\share\vm\prims\jni.cpp, line 1614]
Event: 2092.229 Thread 0x000000001c938800 Exception <a 'sun/nio/fs/WindowsException'> (0x00000000e4402d98) thrown at [D:\src\AOSP-openjdk-cygwin\jdk8u\hotspot\src\share\vm\prims\jni.cpp, line 710]
Event: 2092.229 Thread 0x000000001c938800 Exception <a 'sun/nio/fs/WindowsException'> (0x00000000e4403240) thrown at [D:\src\AOSP-openjdk-cygwin\jdk8u\hotspot\src\share\vm\prims\jni.cpp, line 710]
Event: 2093.423 Thread 0x000000001c92f800 Exception <a 'java/lang/reflect/InvocationTargetException'> (0x00000000e7136b60) thrown at [D:\src\AOSP-openjdk-cygwin\jdk8u\hotspot\src\share\vm\runtime\reflection.cpp, line 1092]
Event: 2093.453 Thread 0x000000001a435000 Exception <a 'sun/nio/fs/WindowsException'> (0x00000000e7333e50) thrown at [D:\src\AOSP-openjdk-cygwin\jdk8u\hotspot\src\share\vm\prims\jni.cpp, line 710]
Event: 2100.282 Thread 0x000000001a435000 Exception <a 'sun/nio/fs/WindowsException'> (0x00000000e8c9c950) thrown at [D:\src\AOSP-openjdk-cygwin\jdk8u\hotspot\src\share\vm\prims\jni.cpp, line 710]
Event: 2102.114 Thread 0x000000001a431000 JVM_StopThread thread JavaThread 0x0000000000000000 as oop 0x00000000eebd4488 [exception 0x000000002dbab080]
Event: 2102.399 Thread 0x000000001a431000 Exception <a 'java/lang/reflect/InvocationTargetException'> (0x00000000eedbdc38) thrown at [D:\src\AOSP-openjdk-cygwin\jdk8u\hotspot\src\share\vm\runtime\reflection.cpp, line 1092]
Event: 2102.417 Thread 0x000000001a435000 Exception <a 'sun/nio/fs/WindowsException'> (0x00000000ee1cf110) thrown at [D:\src\AOSP-openjdk-cygwin\jdk8u\hotspot\src\share\vm\prims\jni.cpp, line 710]
Event: 2110.570 Thread 0x000000001a435000 Exception <a 'sun/nio/fs/WindowsException'> (0x00000000efedc068) thrown at [D:\src\AOSP-openjdk-cygwin\jdk8u\hotspot\src\share\vm\prims\jni.cpp, line 710]

Events (10 events):
Event: 2110.904 Thread 0x000000001a435000 Uncommon trap: trap_request=0xffffffde fr.pc=0x00000000050ddfa4
Event: 2110.904 Thread 0x000000001a435000 DEOPT PACKING pc=0x00000000050ddfa4 sp=0x0000000028909e10
Event: 2110.904 Thread 0x000000001a435000 DEOPT UNPACKING pc=0x000000000281557b sp=0x0000000028909d08 mode 2
Event: 2110.913 Thread 0x000000001c92f800 Thread added: 0x000000001c92f800
Event: 2110.913 Thread 0x000000001c932000 Thread added: 0x000000001c932000
Event: 2110.914 Thread 0x000000001c92e000 Thread added: 0x000000001c92e000
Event: 2110.929 Executing VM operation: RevokeBias
Event: 2110.930 Executing VM operation: RevokeBias done
Event: 2110.930 Executing VM operation: RevokeBias
Event: 2110.930 Executing VM operation: RevokeBias done


Dynamic libraries:
0x00007ff6f0dd0000 - 0x00007ff6f0e01000 	C:\Program Files\Android\Android Studio\jre\bin\java.exe
0x00007ff81c020000 - 0x00007ff81c1f0000 	C:\Windows\SYSTEM32\ntdll.dll
0x00007ff819da0000 - 0x00007ff819e4c000 	C:\Windows\System32\KERNEL32.DLL
0x00007ff8187a0000 - 0x00007ff8189bd000 	C:\Windows\System32\KERNELBASE.dll
0x00007ff819610000 - 0x00007ff8196b2000 	C:\Windows\System32\ADVAPI32.dll
0x00007ff81a650000 - 0x00007ff81a6ee000 	C:\Windows\System32\msvcrt.dll
0x00007ff819910000 - 0x00007ff819969000 	C:\Windows\System32\sechost.dll
0x00007ff81a720000 - 0x00007ff81a841000 	C:\Windows\System32\RPCRT4.dll
0x00007ff81a8f0000 - 0x00007ff81aa55000 	C:\Windows\System32\USER32.dll
0x00007ff818eb0000 - 0x00007ff818ece000 	C:\Windows\System32\win32u.dll
0x00007ff81bf70000 - 0x00007ff81bfa4000 	C:\Windows\System32\GDI32.dll
0x00007ff818570000 - 0x00007ff8186f1000 	C:\Windows\System32\gdi32full.dll
0x00007ff8106c0000 - 0x00007ff81093a000 	C:\Windows\WinSxS\amd64_microsoft.windows.common-controls_6595b64144ccf1df_6.0.14393.2608_none_7ddacc7e8347078e\COMCTL32.dll
0x00007ff81a280000 - 0x00007ff81a545000 	C:\Windows\System32\combase.dll
0x00007ff818a70000 - 0x00007ff818b64000 	C:\Windows\System32\ucrtbase.dll
0x00007ff818e40000 - 0x00007ff818eaa000 	C:\Windows\System32\bcryptPrimitives.dll
0x00007ff81a6f0000 - 0x00007ff81a71e000 	C:\Windows\System32\IMM32.DLL
0x0000000055060000 - 0x0000000055132000 	C:\Program Files\Android\Android Studio\jre\jre\bin\msvcr100.dll
0x0000000053fe0000 - 0x0000000054826000 	C:\Program Files\Android\Android Studio\jre\jre\bin\server\jvm.dll
0x00007ff8196e0000 - 0x00007ff8196e8000 	C:\Windows\System32\PSAPI.DLL
0x00007ff805f80000 - 0x00007ff805f89000 	C:\Windows\SYSTEM32\WSOCK32.dll
0x00007ff81bfb0000 - 0x00007ff81c01a000 	C:\Windows\System32\WS2_32.dll
0x00007ff816a20000 - 0x00007ff816a43000 	C:\Windows\SYSTEM32\WINMM.dll
0x00007ff813020000 - 0x00007ff81302a000 	C:\Windows\SYSTEM32\VERSION.dll
0x00007ff8168b0000 - 0x00007ff8168db000 	C:\Windows\SYSTEM32\WINMMBASE.dll
0x00007ff818df0000 - 0x00007ff818e32000 	C:\Windows\System32\cfgmgr32.dll
0x00007ff807df0000 - 0x00007ff807dff000 	C:\Program Files\Android\Android Studio\jre\jre\bin\verify.dll
0x00007ff804fa0000 - 0x00007ff804fc9000 	C:\Program Files\Android\Android Studio\jre\jre\bin\java.dll
0x00007ff807dd0000 - 0x00007ff807de6000 	C:\Program Files\Android\Android Studio\jre\jre\bin\zip.dll
0x00007ff81aa60000 - 0x00007ff81bf65000 	C:\Windows\System32\SHELL32.dll
0x00007ff818ed0000 - 0x00007ff8195a9000 	C:\Windows\System32\windows.storage.dll
0x00007ff818480000 - 0x00007ff8184cc000 	C:\Windows\System32\powrprof.dll
0x00007ff8195b0000 - 0x00007ff819602000 	C:\Windows\System32\shlwapi.dll
0x00007ff8184e0000 - 0x00007ff8184ef000 	C:\Windows\System32\kernel.appcore.dll
0x00007ff8189c0000 - 0x00007ff818a69000 	C:\Windows\System32\shcore.dll
0x00007ff8184f0000 - 0x00007ff818504000 	C:\Windows\System32\profapi.dll
0x00007ff804f80000 - 0x00007ff804f9a000 	C:\Program Files\Android\Android Studio\jre\jre\bin\net.dll
0x00007ff8046a0000 - 0x00007ff804862000 	C:\Windows\SYSTEM32\urlmon.dll
0x00007ff805060000 - 0x00007ff805310000 	C:\Windows\SYSTEM32\iertutil.dll
0x00007ff817dc0000 - 0x00007ff817e1c000 	C:\Windows\system32\mswsock.dll
0x00007ffff5580000 - 0x00007ffff5593000 	C:\Program Files\Android\Android Studio\jre\jre\bin\nio.dll
0x00007fffff1c0000 - 0x00007fffff1e6000 	C:\Users\kedaitayar\.gradle\native\30\windows-amd64\native-platform.dll
0x00007ff816b00000 - 0x00007ff816b0d000 	C:\Program Files\Android\Android Studio\jre\jre\bin\management.dll
0x00007ff817f60000 - 0x00007ff817f77000 	C:\Windows\SYSTEM32\CRYPTSP.dll
0x00007ff8179c0000 - 0x00007ff8179f3000 	C:\Windows\system32\rsaenh.dll
0x00007ff818070000 - 0x00007ff81809b000 	C:\Windows\SYSTEM32\bcrypt.dll
0x00007ff817c40000 - 0x00007ff817c5f000 	C:\Windows\SYSTEM32\USERENV.dll
0x00007ff817f80000 - 0x00007ff817f8b000 	C:\Windows\SYSTEM32\CRYPTBASE.dll
0x00007ff817b40000 - 0x00007ff817b78000 	C:\Windows\SYSTEM32\IPHLPAPI.DLL
0x00007ff8198a0000 - 0x00007ff8198a8000 	C:\Windows\System32\NSI.dll
0x00007ff812b90000 - 0x00007ff812ba6000 	C:\Windows\SYSTEM32\dhcpcsvc6.DLL
0x00007ff812d40000 - 0x00007ff812d5a000 	C:\Windows\SYSTEM32\dhcpcsvc.DLL
0x00007ff806f80000 - 0x00007ff806f9e000 	C:\Users\kedaitayar\AppData\Local\Temp\native-platform3741274846447770040dir\native-platform.dll

VM Arguments:
jvm_args: -Xmx1536m -Dfile.encoding=windows-1252 -Duser.country=MY -Duser.language=en -Duser.variant 
java_command: org.gradle.launcher.daemon.bootstrap.GradleDaemon 5.6.4
java_class_path (initial): C:\Users\kedaitayar\.gradle\wrapper\dists\gradle-5.6.4-all\ankdp27end7byghfw1q2sw75f\gradle-5.6.4\lib\gradle-launcher-5.6.4.jar
Launcher Type: SUN_STANDARD

Environment Variables:
JAVA_HOME=C:\Program Files\Java\jre1.8.0_201
PATH=C:\Program Files (x86)\Common Files\Oracle\Java\javapath;C:\Windows\system32;C:\Windows;C:\Windows\System32\Wbem;C:\Windows\System32\WindowsPowerShell\v1.0\;C:\Program Files (x86)\QuickTime\QTSystem\;c:\Program Files (x86)\Microsoft SQL Server\100\Tools\Binn\;c:\Program Files\Microsoft SQL Server\100\Tools\Binn\;c:\Program Files\Microsoft SQL Server\100\DTS\Binn\;C:\Program Files\nodejs\;C:\Program Files\Git\cmd;C:\Program Files\dotnet\;C:\Program Files\Microsoft SQL Server\130\Tools\Binn\;F:\Program Files\MATLAB\R2015b\bin;C:\Program Files\NVIDIA Corporation\NVIDIA NvDLISR;C:\Program Files (x86)\NVIDIA Corporation\PhysX\Common;C:\Program Files\Java\jre1.8.0_201;C:\Program Files\Java\jdk-13.0.2\bin;C:\Users\kedaitayar\AppData\Local\Microsoft\WindowsApps;C:\Program Files\Microsoft VS Code\bin;C:\Users\kedaitayar\AppData\Roaming\npm;C:\Users\kedaitayar\AppData\Local\GitHubDesktop\bin;C:\Program Files\JetBrains\IntelliJ IDEA Community Edition 2019.3.3\bin;
USERNAME=kedaitayar
OS=Windows_NT
PROCESSOR_IDENTIFIER=Intel64 Family 6 Model 158 Stepping 9, GenuineIntel



---------------  S Y S T E M  ---------------

OS: Windows 10.0 , 64 bit Build 14393 (10.0.14393.2608)

CPU:total 4 (initial active 4) (4 cores per cpu, 1 threads per core) family 6 model 158 stepping 9, cmov, cx8, fxsr, mmx, sse, sse2, sse3, ssse3, sse4.1, sse4.2, popcnt, avx, avx2, aes, clmul, erms, rtm, 3dnowpref, lzcnt, tsc, tscinvbit, bmi1, bmi2, adx

Memory: 4k page, physical 8343144k(50912k free), swap 33508968k(4420k free)

vm_info: OpenJDK 64-Bit Server VM (25.212-b04) for windows-amd64 JRE (1.8.0_212-release-1586-b04), built by "builder" with MS VC++ 10.0 (VS2010)

time: Wed Apr 08 19:46:39 2020
timezone: Malay Peninsula Standard Time
elapsed time: 2110 seconds (0d 0h 35m 10s)

